mode: set
github.com/notaryproject/notation-core-go/signer/jws.go:37.65,39.16 2 1
github.com/notaryproject/notation-core-go/signer/jws.go:43.2,43.45 1 1
github.com/notaryproject/notation-core-go/signer/jws.go:39.16,41.3 1 1
github.com/notaryproject/notation-core-go/signer/jws.go:46.27,48.2 1 1
github.com/notaryproject/notation-core-go/signer/jws.go:50.43,52.16 2 1
github.com/notaryproject/notation-core-go/signer/jws.go:56.2,56.62 1 1
github.com/notaryproject/notation-core-go/signer/jws.go:61.2,62.66 2 1
github.com/notaryproject/notation-core-go/signer/jws.go:52.16,54.3 1 1
github.com/notaryproject/notation-core-go/signer/jws.go:56.62,58.3 1 1
github.com/notaryproject/notation-core-go/signer/jws.go:65.62,68.56 3 1
github.com/notaryproject/notation-core-go/signer/jws.go:71.2,76.16 5 1
github.com/notaryproject/notation-core-go/signer/jws.go:80.2,81.16 2 1
github.com/notaryproject/notation-core-go/signer/jws.go:84.2,85.15 2 1
github.com/notaryproject/notation-core-go/signer/jws.go:68.56,70.3 1 0
github.com/notaryproject/notation-core-go/signer/jws.go:76.16,78.3 1 0
github.com/notaryproject/notation-core-go/signer/jws.go:81.16,83.3 1 0
github.com/notaryproject/notation-core-go/signer/jws.go:88.53,91.93 2 1
github.com/notaryproject/notation-core-go/signer/jws.go:98.2,98.97 1 1
github.com/notaryproject/notation-core-go/signer/jws.go:111.2,111.91 1 1
github.com/notaryproject/notation-core-go/signer/jws.go:118.2,119.61 2 1
github.com/notaryproject/notation-core-go/signer/jws.go:126.2,130.22 4 1
github.com/notaryproject/notation-core-go/signer/jws.go:91.93,93.3 1 0
github.com/notaryproject/notation-core-go/signer/jws.go:93.8,95.3 1 1
github.com/notaryproject/notation-core-go/signer/jws.go:98.97,100.3 1 0
github.com/notaryproject/notation-core-go/signer/jws.go:100.8,102.61 2 1
github.com/notaryproject/notation-core-go/signer/jws.go:105.3,105.70 1 1
github.com/notaryproject/notation-core-go/signer/jws.go:102.61,104.4 1 1
github.com/notaryproject/notation-core-go/signer/jws.go:105.70,107.4 1 0
github.com/notaryproject/notation-core-go/signer/jws.go:111.91,113.3 1 0
github.com/notaryproject/notation-core-go/signer/jws.go:113.8,115.3 1 1
github.com/notaryproject/notation-core-go/signer/jws.go:119.61,120.64 1 1
github.com/notaryproject/notation-core-go/signer/jws.go:120.64,122.4 1 0
github.com/notaryproject/notation-core-go/signer/jws.go:122.9,124.4 1 1
github.com/notaryproject/notation-core-go/signer/jws.go:133.92,135.16 2 1
github.com/notaryproject/notation-core-go/signer/jws.go:138.2,138.75 1 1
github.com/notaryproject/notation-core-go/signer/jws.go:141.2,142.109 2 1
github.com/notaryproject/notation-core-go/signer/jws.go:145.2,145.99 1 1
github.com/notaryproject/notation-core-go/signer/jws.go:150.2,150.114 1 1
github.com/notaryproject/notation-core-go/signer/jws.go:154.2,154.12 1 1
github.com/notaryproject/notation-core-go/signer/jws.go:135.16,137.3 1 0
github.com/notaryproject/notation-core-go/signer/jws.go:138.75,140.3 1 0
github.com/notaryproject/notation-core-go/signer/jws.go:142.109,144.3 1 0
github.com/notaryproject/notation-core-go/signer/jws.go:145.99,147.3 1 0
github.com/notaryproject/notation-core-go/signer/jws.go:150.114,152.3 1 0
github.com/notaryproject/notation-core-go/signer/jws.go:157.76,158.28 1 1
github.com/notaryproject/notation-core-go/signer/jws.go:158.28,161.3 2 1
github.com/notaryproject/notation-core-go/signer/jws.go:164.81,165.32 1 1
github.com/notaryproject/notation-core-go/signer/jws.go:173.2,173.12 1 1
github.com/notaryproject/notation-core-go/signer/jws.go:165.32,166.57 1 1
github.com/notaryproject/notation-core-go/signer/jws.go:166.57,168.4 1 0
github.com/notaryproject/notation-core-go/signer/jws.go:168.9,171.4 2 1
github.com/notaryproject/notation-core-go/signer/jws.go:176.83,177.28 1 1
github.com/notaryproject/notation-core-go/signer/jws.go:185.2,185.12 1 1
github.com/notaryproject/notation-core-go/signer/jws.go:177.28,178.71 1 1
github.com/notaryproject/notation-core-go/signer/jws.go:178.71,180.4 1 0
github.com/notaryproject/notation-core-go/signer/jws.go:180.9,183.4 2 1
github.com/notaryproject/notation-core-go/signer/jws.go:188.109,190.31 2 1
github.com/notaryproject/notation-core-go/signer/jws.go:198.2,200.29 2 1
github.com/notaryproject/notation-core-go/signer/jws.go:208.2,209.12 2 1
github.com/notaryproject/notation-core-go/signer/jws.go:190.31,197.3 2 1
github.com/notaryproject/notation-core-go/signer/jws.go:200.29,206.3 1 1
github.com/notaryproject/notation-core-go/signer/jws.go:212.87,215.44 2 1
github.com/notaryproject/notation-core-go/signer/jws.go:219.2,220.44 2 1
github.com/notaryproject/notation-core-go/signer/jws.go:215.44,217.3 1 1
github.com/notaryproject/notation-core-go/signer/jws.go:220.44,222.39 2 1
github.com/notaryproject/notation-core-go/signer/jws.go:231.3,231.33 1 1
github.com/notaryproject/notation-core-go/signer/jws.go:235.3,235.19 1 1
github.com/notaryproject/notation-core-go/signer/jws.go:222.39,224.43 2 1
github.com/notaryproject/notation-core-go/signer/jws.go:224.43,226.5 1 1
github.com/notaryproject/notation-core-go/signer/jws.go:226.10,228.5 1 1
github.com/notaryproject/notation-core-go/signer/jws.go:231.33,234.4 1 0
github.com/notaryproject/notation-core-go/signer/jws.go:236.8,239.3 1 0
github.com/notaryproject/notation-core-go/signer/jws.go:242.87,247.26 5 1
github.com/notaryproject/notation-core-go/signer/jws.go:251.2,253.46 2 1
github.com/notaryproject/notation-core-go/signer/jws.go:260.2,261.14 2 1
github.com/notaryproject/notation-core-go/signer/jws.go:247.26,250.3 2 1
github.com/notaryproject/notation-core-go/signer/jws.go:253.46,255.19 2 1
github.com/notaryproject/notation-core-go/signer/jws.go:255.19,257.4 1 1
github.com/notaryproject/notation-core-go/signer/jws.go:299.77,301.48 2 1
github.com/notaryproject/notation-core-go/signer/jws.go:304.2,304.17 1 1
github.com/notaryproject/notation-core-go/signer/jws.go:301.48,303.3 1 1
github.com/notaryproject/notation-core-go/signer/jws.go:307.51,309.2 1 1
github.com/notaryproject/notation-core-go/signer/jws.go:311.80,313.21 2 1
github.com/notaryproject/notation-core-go/signer/jws.go:317.2,318.44 2 1
github.com/notaryproject/notation-core-go/signer/jws.go:322.2,330.8 1 1
github.com/notaryproject/notation-core-go/signer/jws.go:313.21,315.3 1 0
github.com/notaryproject/notation-core-go/signer/jws.go:318.44,320.3 1 1
github.com/notaryproject/notation-core-go/signer/jws.go:333.54,334.13 1 1
github.com/notaryproject/notation-core-go/signer/jws.go:349.2,349.69 1 0
github.com/notaryproject/notation-core-go/signer/jws.go:335.15,336.33 1 0
github.com/notaryproject/notation-core-go/signer/jws.go:337.15,338.33 1 0
github.com/notaryproject/notation-core-go/signer/jws.go:339.15,340.33 1 1
github.com/notaryproject/notation-core-go/signer/jws.go:341.15,342.28 1 0
github.com/notaryproject/notation-core-go/signer/jws.go:343.15,344.28 1 0
github.com/notaryproject/notation-core-go/signer/jws.go:345.15,346.28 1 0
github.com/notaryproject/notation-core-go/signer/jws.go:356.146,365.16 5 1
github.com/notaryproject/notation-core-go/signer/jws.go:368.2,368.21 1 1
github.com/notaryproject/notation-core-go/signer/jws.go:365.16,367.3 1 0
github.com/notaryproject/notation-core-go/signer/jws.go:372.64,383.81 3 1
github.com/notaryproject/notation-core-go/signer/jws.go:394.2,394.12 1 1
github.com/notaryproject/notation-core-go/signer/jws.go:383.81,384.44 1 1
github.com/notaryproject/notation-core-go/signer/jws.go:389.3,390.18 2 1
github.com/notaryproject/notation-core-go/signer/jws.go:384.44,386.4 1 0
github.com/notaryproject/notation-core-go/signer/jws.go:391.17,393.3 1 0
github.com/notaryproject/notation-core-go/signer/jws.go:403.72,405.2 1 0
github.com/notaryproject/notation-core-go/signer/jws.go:407.89,408.71 1 1
github.com/notaryproject/notation-core-go/signer/jws.go:408.71,410.3 1 0
github.com/notaryproject/notation-core-go/signer/jws.go:410.8,412.3 1 1
github.com/notaryproject/notation-core-go/signer/jws.go:416.44,418.2 1 0
github.com/notaryproject/notation-core-go/signer/jws.go:422.67,425.9 1 1
github.com/notaryproject/notation-core-go/signer/jws.go:429.2,429.27 1 1
github.com/notaryproject/notation-core-go/signer/jws.go:453.2,453.43 1 0
github.com/notaryproject/notation-core-go/signer/jws.go:425.9,427.3 1 0
github.com/notaryproject/notation-core-go/signer/jws.go:430.22,431.21 1 1
github.com/notaryproject/notation-core-go/signer/jws.go:441.24,442.37 1 0
github.com/notaryproject/notation-core-go/signer/jws.go:432.12,433.38 1 0
github.com/notaryproject/notation-core-go/signer/jws.go:434.12,435.38 1 0
github.com/notaryproject/notation-core-go/signer/jws.go:436.12,437.38 1 1
github.com/notaryproject/notation-core-go/signer/jws.go:438.11,439.60 1 0
github.com/notaryproject/notation-core-go/signer/jws.go:443.41,444.38 1 0
github.com/notaryproject/notation-core-go/signer/jws.go:445.41,446.38 1 0
github.com/notaryproject/notation-core-go/signer/jws.go:447.41,448.38 1 0
github.com/notaryproject/notation-core-go/signer/jws.go:449.11,450.62 1 0
github.com/notaryproject/notation-core-go/signer/signer.go:86.95,87.38 1 1
github.com/notaryproject/notation-core-go/signer/signer.go:91.2,91.28 1 1
github.com/notaryproject/notation-core-go/signer/signer.go:95.2,96.27 2 1
github.com/notaryproject/notation-core-go/signer/signer.go:100.2,101.26 2 1
github.com/notaryproject/notation-core-go/signer/signer.go:105.2,109.46 3 1
github.com/notaryproject/notation-core-go/signer/signer.go:87.38,89.3 1 0
github.com/notaryproject/notation-core-go/signer/signer.go:91.28,93.3 1 1
github.com/notaryproject/notation-core-go/signer/signer.go:96.27,98.3 1 1
github.com/notaryproject/notation-core-go/signer/signer.go:101.26,103.3 1 0
github.com/notaryproject/notation-core-go/signer/signer.go:113.67,114.49 1 1
github.com/notaryproject/notation-core-go/signer/signer.go:118.2,119.16 2 1
github.com/notaryproject/notation-core-go/signer/signer.go:122.2,122.17 1 1
github.com/notaryproject/notation-core-go/signer/signer.go:114.49,116.3 1 1
github.com/notaryproject/notation-core-go/signer/signer.go:119.16,121.3 1 1
github.com/notaryproject/notation-core-go/signer/signer.go:126.64,127.38 1 1
github.com/notaryproject/notation-core-go/signer/signer.go:131.2,132.16 2 1
github.com/notaryproject/notation-core-go/signer/signer.go:135.2,135.53 1 1
github.com/notaryproject/notation-core-go/signer/signer.go:138.2,138.22 1 1
github.com/notaryproject/notation-core-go/signer/signer.go:127.38,129.3 1 0
github.com/notaryproject/notation-core-go/signer/signer.go:132.16,134.3 1 0
github.com/notaryproject/notation-core-go/signer/signer.go:135.53,137.3 1 0
github.com/notaryproject/notation-core-go/signer/signer.go:142.48,143.28 1 1
github.com/notaryproject/notation-core-go/signer/signer.go:148.2,148.39 1 1
github.com/notaryproject/notation-core-go/signer/signer.go:152.2,153.23 2 1
github.com/notaryproject/notation-core-go/signer/signer.go:157.2,158.23 2 1
github.com/notaryproject/notation-core-go/signer/signer.go:164.2,164.37 1 1
github.com/notaryproject/notation-core-go/signer/signer.go:168.2,168.30 1 1
github.com/notaryproject/notation-core-go/signer/signer.go:172.2,172.12 1 1
github.com/notaryproject/notation-core-go/signer/signer.go:143.28,145.3 1 1
github.com/notaryproject/notation-core-go/signer/signer.go:148.39,150.3 1 0
github.com/notaryproject/notation-core-go/signer/signer.go:153.23,155.3 1 0
github.com/notaryproject/notation-core-go/signer/signer.go:158.23,159.58 1 1
github.com/notaryproject/notation-core-go/signer/signer.go:159.58,161.4 1 0
github.com/notaryproject/notation-core-go/signer/signer.go:164.37,166.3 1 0
github.com/notaryproject/notation-core-go/signer/signer.go:168.30,170.3 1 1
github.com/notaryproject/notation-core-go/signer/signer.go:176.49,177.27 1 1
github.com/notaryproject/notation-core-go/signer/signer.go:182.2,182.38 1 1
github.com/notaryproject/notation-core-go/signer/signer.go:186.2,186.36 1 1
github.com/notaryproject/notation-core-go/signer/signer.go:190.2,191.23 2 1
github.com/notaryproject/notation-core-go/signer/signer.go:195.2,196.23 2 1
github.com/notaryproject/notation-core-go/signer/signer.go:202.2,202.34 1 1
github.com/notaryproject/notation-core-go/signer/signer.go:205.2,205.12 1 1
github.com/notaryproject/notation-core-go/signer/signer.go:177.27,179.3 1 1
github.com/notaryproject/notation-core-go/signer/signer.go:182.38,184.3 1 1
github.com/notaryproject/notation-core-go/signer/signer.go:186.36,188.3 1 1
github.com/notaryproject/notation-core-go/signer/signer.go:191.23,193.3 1 1
github.com/notaryproject/notation-core-go/signer/signer.go:196.23,197.58 1 1
github.com/notaryproject/notation-core-go/signer/signer.go:197.58,199.4 1 0
github.com/notaryproject/notation-core-go/signer/signer.go:202.34,204.3 1 1
github.com/notaryproject/notation-core-go/signer/signer.go:209.123,210.27 1 1
github.com/notaryproject/notation-core-go/signer/signer.go:211.27,213.17 2 1
github.com/notaryproject/notation-core-go/signer/signer.go:216.3,216.58 1 1
github.com/notaryproject/notation-core-go/signer/signer.go:217.10,218.100 1 0
github.com/notaryproject/notation-core-go/signer/signer.go:213.17,215.4 1 1
github.com/notaryproject/notation-core-go/signer/signer.go:223.92,224.27 1 1
github.com/notaryproject/notation-core-go/signer/signer.go:225.27,227.61 2 1
github.com/notaryproject/notation-core-go/signer/signer.go:228.10,229.100 1 0
github.com/notaryproject/notation-core-go/signer/signer.go:234.107,235.37 1 1
github.com/notaryproject/notation-core-go/signer/signer.go:242.2,242.54 1 0
github.com/notaryproject/notation-core-go/signer/signer.go:235.37,236.32 1 1
github.com/notaryproject/notation-core-go/signer/signer.go:236.32,237.25 1 1
github.com/notaryproject/notation-core-go/signer/signer.go:237.25,239.5 1 1
github.com/notaryproject/notation-core-go/signer/errors.go:8.47,10.2 1 0
github.com/notaryproject/notation-core-go/signer/errors.go:17.49,18.21 1 1
github.com/notaryproject/notation-core-go/signer/errors.go:18.21,20.3 1 1
github.com/notaryproject/notation-core-go/signer/errors.go:20.8,22.3 1 0
github.com/notaryproject/notation-core-go/signer/errors.go:30.57,32.2 1 0
github.com/notaryproject/notation-core-go/signer/errors.go:37.48,39.2 1 0
github.com/notaryproject/notation-core-go/signer/errors.go:44.49,46.2 1 0
github.com/notaryproject/notation-core-go/signer/errors.go:53.51,55.2 1 0
github.com/notaryproject/notation-core-go/signer/errors.go:62.52,63.25 1 0
github.com/notaryproject/notation-core-go/signer/errors.go:63.25,65.3 1 0
github.com/notaryproject/notation-core-go/signer/errors.go:65.8,67.3 1 0
github.com/notaryproject/notation-core-go/signer/errors.go:76.48,77.18 1 1
github.com/notaryproject/notation-core-go/signer/errors.go:77.18,79.3 1 0
github.com/notaryproject/notation-core-go/signer/errors.go:79.8,81.3 1 1
github.com/notaryproject/notation-core-go/signer/errors.go:89.51,90.21 1 0
github.com/notaryproject/notation-core-go/signer/errors.go:90.21,92.3 1 0
github.com/notaryproject/notation-core-go/signer/errors.go:92.8,94.3 1 0
github.com/notaryproject/notation-core-go/signer/errors.go:102.56,104.2 1 0
